
SQL*Loader: Release 11.2.0.2.0 - Production on Mon Apr 25 23:06:44 2016

Copyright (c) 1982, 2009, Oracle and/or its affiliates.  All rights reserved.

Control File:   insert_posts.sql
Data File:      ../data/posts.dat
  Bad File:     posts.bad
  Discard File:  none specified
 
 (Allow all discards)

Number to load: ALL
Number to skip: 0
Errors allowed: 50
Bind array:     64 rows, maximum of 256000 bytes
Continuation:    none specified
Path used:      Conventional

Table POSTS, loaded from every logical record.
Insert option in effect for this table: INSERT

   Column Name                  Position   Len  Term Encl Datatype
------------------------------ ---------- ----- ---- ---- ---------------------
USER_ID                             FIRST     *   ,  O(") CHARACTER            
PRICE                                NEXT     *   ,  O(") CHARACTER            
FREE                                 NEXT     *   ,  O(") CHARACTER            
TITLE                                NEXT     *   ,  O(") CHARACTER            
DESCRIPTION                          NEXT     *   ,  O(") CHARACTER            
CATEGORY_ID                          NEXT     *   ,  O(") CHARACTER            
LOCATION                             NEXT     *   ,  O(") CHARACTER            
ORBESTOFFER                          NEXT     *   ,  O(") CHARACTER            
SOLD                                 NEXT     *   ,  O(") CHARACTER            


Table POSTS:
  3 Rows successfully loaded.
  0 Rows not loaded due to data errors.
  0 Rows not loaded because all WHEN clauses were failed.
  0 Rows not loaded because all fields were null.


Space allocated for bind array:                 148608 bytes(64 rows)
Read   buffer bytes: 1048576

Total logical records skipped:          0
Total logical records read:             3
Total logical records rejected:         0
Total logical records discarded:        0

Run began on Mon Apr 25 23:06:44 2016
Run ended on Mon Apr 25 23:06:44 2016

Elapsed time was:     00:00:00.03
CPU time was:         00:00:00.00
