
SQL*Loader: Release 11.2.0.2.0 - Production on Mon Apr 18 07:21:22 2016

Copyright (c) 1982, 2009, Oracle and/or its affiliates.  All rights reserved.

Control File:   insert_comments.sql
Data File:      ../data/comments.dat
  Bad File:     comments.bad
  Discard File:  none specified
 
 (Allow all discards)

Number to load: ALL
Number to skip: 0
Errors allowed: 50
Bind array:     64 rows, maximum of 256000 bytes
Continuation:    none specified
Path used:      Conventional

Table COMMENTS, loaded from every logical record.
Insert option in effect for this table: INSERT

   Column Name                  Position   Len  Term Encl Datatype
------------------------------ ---------- ----- ---- ---- ---------------------
USER_ID                             FIRST     *   ,  O(") CHARACTER            
POST_ID                              NEXT     *   ,  O(") CHARACTER            
TEXT                                 NEXT     *   ,  O(") CHARACTER            
ANONYMOUS                            NEXT     *   ,  O(") CHARACTER            


Table COMMENTS:
  2 Rows successfully loaded.
  0 Rows not loaded due to data errors.
  0 Rows not loaded because all WHEN clauses were failed.
  0 Rows not loaded because all fields were null.


Space allocated for bind array:                  66048 bytes(64 rows)
Read   buffer bytes: 1048576

Total logical records skipped:          0
Total logical records read:             2
Total logical records rejected:         0
Total logical records discarded:        0

Run began on Mon Apr 18 07:21:22 2016
Run ended on Mon Apr 18 07:21:22 2016

Elapsed time was:     00:00:00.02
CPU time was:         00:00:00.00
